Running command: python mmt/generate.py -d brq -o pretrained/brq/ape
Using arguments:
{'dataset': 'brq',
 'filter': 'top_k',
 'filter_threshold': 0.9,
 'gpu': None,
 'in_dir': PosixPath('data/brq/processed/notes'),
 'jobs': 1,
 'model_steps': None,
 'n_samples': 50,
 'names': PosixPath('data/brq/processed/test-names.txt'),
 'out_dir': PosixPath('/Users/connormacdonald/Projects/mmt/pretrained/brq/ape'),
 'quiet': False,
 'seq_len': 1024,
 'shuffle': False,
 'temperature': 1.0,
 'use_csv': False}
Saved arguments to /Users/connormacdonald/Projects/mmt/pretrained/brq/ape/generate-args.json
Loading training arguments from: /Users/connormacdonald/Projects/mmt/pretrained/brq/ape/train-args.json
Using loaded arguments:
{'abs_pos_emb': True,
 'aug': True,
 'batch_size': 8,
 'dataset': 'brq',
 'dim': 512,
 'dropout': 0.2,
 'early_stopping': True,
 'early_stopping_tolerance': 20,
 'gpu': None,
 'grad_norm_clip': 1.0,
 'heads': 8,
 'in_dir': 'data/brq/processed/notes',
 'jobs': 4,
 'layers': 6,
 'learning_rate': 0.0005,
 'lr_decay_multiplier': 0.1,
 'lr_decay_steps': 2995,
 'lr_warmup_steps': 5,
 'max_beat': 256,
 'max_seq_len': 1024,
 'model_steps': 15000,
 'out_dir': '/Users/connormacdonald/Projects/mmt/pretrained/brq/ape',
 'quiet': False,
 'rel_pos_emb': False,
 'steps': 100000,
 'train_names': 'data/brq/processed/train-names.txt',
 'transfer_dir': None,
 'use_csv': False,
 'valid_names': 'data/brq/processed/valid-names.txt',
 'valid_steps': 3000}
Using device: mps
Creating the data loader...
Creating the model...
Loaded the model weights from: /Users/connormacdonald/Projects/mmt/pretrained/brq/ape/checkpoints/best_model.pt
